<?xml version="1.0" encoding="UTF-8"?>
<testng-results ignored="4" total="5" passed="1" failed="0" skipped="0">
  <reporter-output>
  </reporter-output>
  <suite started-at="2022-03-07T21:42:00 EST" name="Suite" finished-at="2022-03-07T21:42:01 EST" duration-ms="407">
    <groups>
      <group name="windows.regression">
        <method signature="GroupsDemo.test4()[pri:0, instance:demo.GroupsDemo@68999068]" name="test4" class="demo.GroupsDemo"/>
      </group> <!-- windows.regression -->
    </groups>
    <test started-at="2022-03-07T21:42:00 EST" name="Test" finished-at="2022-03-07T21:42:01 EST" duration-ms="407">
      <class name="demo.GroupsDemo">
        <test-method signature="test4()[pri:0, instance:demo.GroupsDemo@68999068]" started-at="2022-03-07T21:42:01 EST" name="test4" finished-at="2022-03-07T21:42:01 EST" duration-ms="51" status="PASS">
          <reporter-output>
          </reporter-output>
        </test-method> <!-- test4 -->
      </class> <!-- demo.GroupsDemo -->
    </test> <!-- Test -->
  </suite> <!-- Suite -->
</testng-results>
